\BOOKMARK [0][-]{chapter.1}{\376\377\000I\000n\000t\000r\000o\000d\000u\000c\000t\000i\000o\000n}{}% 1
\BOOKMARK [1][-]{section.1.1}{\376\377\000\300\000\040\000p\000r\000o\000p\000o\000s\000\040\000d\000e\000\040\000F\000o\000r\000e\000s\000t\000i\000m\000a\000t\000o\000r}{chapter.1}% 2
\BOOKMARK [0][-]{chapter.2}{\376\377\000I\000n\000s\000t\000a\000l\000l\000a\000t\000i\000o\000n}{}% 3
\BOOKMARK [1][-]{section.2.1}{\376\377\000A\000v\000a\000n\000t\000\040\000l\000'\000i\000n\000s\000t\000a\000l\000l\000a\000t\000i\000o\000n}{chapter.2}% 4
\BOOKMARK [1][-]{section.2.2}{\376\377\000P\000r\000o\000c\000\351\000d\000u\000r\000e\000\040\000d\000'\000i\000n\000s\000t\000a\000l\000l\000a\000t\000i\000o\000n}{chapter.2}% 5
\BOOKMARK [0][-]{chapter.3}{\376\377\000P\000r\000e\000m\000i\000\350\000r\000e\000\040\000u\000t\000i\000l\000i\000s\000a\000t\000i\000o\000n}{}% 6
\BOOKMARK [1][-]{section.3.1}{\376\377\000\311\000c\000r\000a\000n\000\040\000p\000r\000i\000n\000c\000i\000p\000a\000l}{chapter.3}% 7
\BOOKMARK [1][-]{section.3.2}{\376\377\000P\000e\000r\000m\000i\000s\000s\000i\000o\000n\000s}{chapter.3}% 8
\BOOKMARK [0][-]{chapter.4}{\376\377\000L\000'\000\351\000c\000r\000a\000n\000\040\000p\000r\000i\000n\000c\000i\000p\000a\000l}{}% 9
\BOOKMARK [1][-]{section.4.1}{\376\377\000D\000e\000s\000c\000r\000i\000p\000t\000i\000o\000n}{chapter.4}% 10
\BOOKMARK [1][-]{section.4.2}{\376\377\000B\000a\000r\000r\000e\000\040\000d\000e\000\040\000m\000e\000n\000u\000\040\000i\000n\000f\000\351\000r\000i\000e\000u\000r\000e}{chapter.4}% 11
\BOOKMARK [1][-]{section.4.3}{\376\377\000B\000a\000r\000r\000e\000\040\000d\000e\000\040\000m\000e\000n\000u\000\040\000s\000u\000p\000\351\000r\000i\000e\000u\000r\000e}{chapter.4}% 12
\BOOKMARK [0][-]{chapter.5}{\376\377\000P\000a\000r\000a\000m\000\350\000t\000r\000e\000s}{}% 13
\BOOKMARK [1][-]{section.5.1}{\376\377\000D\000e\000s\000c\000r\000i\000p\000t\000i\000o\000n}{chapter.5}% 14
\BOOKMARK [1][-]{section.5.2}{\376\377\000S\000o\000u\000s\000-\000m\000e\000n\000u\000s}{chapter.5}% 15
\BOOKMARK [0][-]{chapter.6}{\376\377\000M\000e\000n\000u\000\040\000d\000e\000s\000\040\000o\000u\000t\000i\000l\000s}{}% 16
\BOOKMARK [1][-]{section.6.1}{\376\377\000D\000e\000s\000c\000r\000i\000p\000t\000i\000o\000n}{chapter.6}% 17
\BOOKMARK [1][-]{section.6.2}{\376\377\000O\000u\000t\000i\000l\000s\000\040\000d\000i\000s\000p\000o\000n\000i\000b\000l\000e\000s}{chapter.6}% 18
\BOOKMARK [1][-]{section.6.3}{\376\377\000R\000e\000c\000h\000e\000r\000c\000h\000e\000\040\000d\000e\000\040\000l\000o\000c\000a\000l\000i\000s\000a\000t\000i\000o\000n}{chapter.6}% 19
\BOOKMARK [0][-]{chapter.7}{\376\377\000M\000e\000n\000u\000\040\000d\000e\000s\000\040\000p\000o\000l\000y\000g\000o\000n\000e\000s}{}% 20
\BOOKMARK [1][-]{section.7.1}{\376\377\000D\000e\000s\000c\000r\000i\000p\000t\000i\000o\000n}{chapter.7}% 21
\BOOKMARK [1][-]{section.7.2}{\376\377\000P\000r\000o\000c\000\351\000d\000u\000r\000e\000\040\000:\000\040\000C\000r\000\351\000e\000r\000\040\000u\000n\000\040\000n\000o\000u\000v\000e\000a\000u\000\040\000p\000o\000l\000y\000g\000o\000n\000e}{chapter.7}% 22
\BOOKMARK [1][-]{section.7.3}{\376\377\000P\000r\000o\000c\000\351\000d\000u\000r\000e\000\040\000:\000\040\000A\000j\000o\000u\000t\000e\000r\000\040\000d\000e\000s\000\040\000s\000o\000m\000m\000e\000t\000s}{chapter.7}% 23
\BOOKMARK [1][-]{section.7.4}{\376\377\000P\000r\000o\000c\000\351\000d\000u\000r\000e\000\040\000:\000\040\000S\000u\000p\000p\000r\000i\000m\000e\000r\000\040\000o\000u\000\040\000d\000\351\000p\000l\000a\000c\000e\000r\000\040\000u\000n\000\040\000s\000o\000m\000m\000e\000t}{chapter.7}% 24
\BOOKMARK [0][-]{chapter.8}{\376\377\000S\000\351\000l\000e\000c\000t\000e\000u\000r\000\040\000d\000e\000\040\000c\000o\000u\000c\000h\000e\000s}{}% 25
\BOOKMARK [1][-]{section.8.1}{\376\377\000D\000e\000s\000c\000r\000i\000p\000t\000i\000o\000n}{chapter.8}% 26
\BOOKMARK [1][-]{section.8.2}{\376\377\000C\000o\000n\000t\000r\000\364\000l\000e\000\040\000d\000e\000\040\000l\000a\000\040\000v\000i\000s\000i\000b\000i\000l\000i\000t\000\351}{chapter.8}% 27
\BOOKMARK [1][-]{section.8.3}{\376\377\000C\000a\000r\000t\000e\000s\000\040\000s\000u\000p\000e\000r\000p\000o\000s\000\351\000e\000s}{chapter.8}% 28
\BOOKMARK [1][-]{section.8.4}{\376\377\000A\000c\000c\000\350\000s\000\040\000a\000u\000x\000\040\000c\000a\000t\000a\000l\000o\000g\000u\000e\000s}{chapter.8}% 29
\BOOKMARK [1][-]{section.8.5}{\376\377\000P\000r\000o\000c\000\351\000d\000u\000r\000e\000\040\000:\000\040\000S\000\351\000l\000e\000c\000t\000i\000o\000n\000n\000e\000r\000\040\000u\000n\000e\000\040\000c\000o\000u\000c\000h\000e\000\040\000d\000a\000n\000s\000\040\000u\000n\000\040\000e\000m\000p\000l\000a\000c\000e\000m\000e\000n\000t\000\040\000s\000p\000\351\000c\000i\000f\000i\000q\000u\000e}{chapter.8}% 30
\BOOKMARK [1][-]{section.8.6}{\376\377\000P\000r\000o\000c\000\351\000d\000u\000r\000e\000\040\000:\000\040\000S\000\351\000l\000e\000c\000t\000i\000o\000n\000n\000e\000r\000\040\000t\000r\000o\000i\000s\000\040\000c\000o\000u\000c\000h\000e\000s\000\040\000\340\000\040\000l\000a\000\040\000f\000o\000i\000s}{chapter.8}% 31
\BOOKMARK [1][-]{section.8.7}{\376\377\000P\000r\000o\000c\000\351\000d\000u\000r\000e\000\040\000:\000\040\000R\000e\000t\000i\000r\000e\000r\000\040\000u\000n\000e\000\040\000c\000o\000u\000c\000h\000e\000\040\000d\000'\000u\000n\000\040\000e\000m\000p\000l\000a\000c\000e\000m\000e\000n\000t\000\040\000s\000p\000\351\000c\000i\000f\000i\000q\000u\000e}{chapter.8}% 32
\BOOKMARK [0][-]{chapter.9}{\376\377\000C\000a\000t\000a\000l\000o\000g\000u\000e\000\040\000d\000e\000s\000\040\000c\000o\000u\000c\000h\000e\000s}{}% 33
\BOOKMARK [1][-]{section.9.1}{\376\377\000D\000e\000s\000c\000r\000i\000p\000t\000i\000o\000n}{chapter.9}% 34
\BOOKMARK [1][-]{section.9.2}{\376\377\000D\000e\000s\000c\000r\000i\000p\000t\000i\000o\000n\000\040\000d\000e\000s\000\040\000c\000a\000t\000\351\000g\000o\000r\000i\000e\000s}{chapter.9}% 35
\BOOKMARK [1][-]{section.9.3}{\376\377\000D\000e\000s\000c\000r\000i\000p\000t\000i\000o\000n\000\040\000d\000e\000s\000\040\000s\000y\000m\000b\000o\000l\000e\000s}{chapter.9}% 36
\BOOKMARK [1][-]{section.9.4}{\376\377\000P\000r\000o\000c\000\351\000d\000u\000r\000e\000\040\000:\000\040\000M\000o\000d\000i\000f\000i\000e\000r\000\040\000l\000e\000s\000\040\000p\000r\000o\000p\000r\000i\000\351\000t\000\351\000s\000\040\000d\000'\000u\000n\000e\000\040\000c\000o\000u\000c\000h\000e}{chapter.9}% 37
\BOOKMARK [0][-]{chapter.10}{\376\377\000A\000n\000a\000l\000y\000s\000e}{}% 38
\BOOKMARK [1][-]{section.10.1}{\376\377\000A\000n\000a\000l\000y\000s\000e\000\040\000p\000o\000n\000c\000t\000u\000e\000l\000l\000e}{chapter.10}% 39
\BOOKMARK [1][-]{section.10.2}{\376\377\000P\000r\000o\000c\000\351\000d\000u\000r\000e\000\040\000:\000\040\000R\000\351\000a\000l\000i\000s\000e\000r\000\040\000u\000n\000e\000\040\000a\000n\000a\000l\000y\000s\000e\000\040\000p\000o\000n\000c\000t\000u\000e\000l\000l\000e}{chapter.10}% 40
\BOOKMARK [1][-]{section.10.3}{\376\377\000P\000r\000o\000c\000\351\000d\000u\000r\000e\000\040\000:\000\040\000R\000\351\000a\000l\000i\000s\000e\000r\000\040\000u\000n\000e\000\040\000a\000n\000a\000l\000y\000s\000e\000\040\000d\000e\000\040\000s\000u\000r\000f\000a\000c\000e}{chapter.10}% 41
\BOOKMARK [1][-]{section.10.4}{\376\377\000P\000r\000o\000c\000\351\000d\000u\000r\000e\000\040\000:\000\040\000S\000\351\000l\000e\000c\000t\000i\000o\000n\000n\000e\000r\000\040\000u\000n\000e\000\040\000c\000o\000u\000c\000h\000e\000\040\000p\000o\000u\000r\000\040\000l\000'\000a\000n\000a\000l\000y\000s\000e}{chapter.10}% 42
\BOOKMARK [0][-]{chapter.11}{\376\377\000M\000o\000d\000e\000\040\000e\000n\000\040\000l\000i\000g\000n\000e\000/\000h\000o\000r\000s\000\040\000l\000i\000g\000n\000e}{}% 43
\BOOKMARK [1][-]{section.11.1}{\376\377\000D\000e\000s\000c\000r\000i\000p\000t\000i\000o\000n}{chapter.11}% 44
\BOOKMARK [1][-]{section.11.2}{\376\377\000A\000v\000a\000n\000t\000\040\000d\000'\000u\000t\000i\000l\000i\000s\000e\000r\000\040\000l\000e\000\040\000m\000o\000d\000e\000\040\000h\000o\000r\000s\000\040\000l\000i\000g\000n\000e}{chapter.11}% 45
\BOOKMARK [1][-]{section.11.3}{\376\377\000P\000r\000o\000c\000\351\000d\000u\000r\000e\000\040\000:\000\040\000P\000a\000s\000s\000e\000r\000\040\000e\000n\000\040\000m\000o\000d\000e\000\040\000h\000o\000r\000s\000\040\000l\000i\000g\000n\000e}{chapter.11}% 46
\BOOKMARK [1][-]{section.11.4}{\376\377\000P\000r\000o\000c\000\351\000d\000u\000r\000e\000\040\000:\000\040\000P\000a\000s\000s\000e\000r\000\040\000e\000n\000\040\000m\000o\000d\000e\000\040\000e\000n\000\040\000l\000i\000g\000n\000e}{chapter.11}% 47
